Determining if the pthread_create exist failed with the following output:
Change Dir: /home/markus/Daten/University/BP/understanding-active-noise-cancelling/software/doxygen-build/CMakeFiles/CMakeTmp

Run Build Command:"/usr/bin/make" "cmTryCompileExec464052112/fast"
/usr/bin/make -f CMakeFiles/cmTryCompileExec464052112.dir/build.make CMakeFiles/cmTryCompileExec464052112.dir/build
make[1]: Entering directory '/home/markus/Daten/University/BP/understanding-active-noise-cancelling/software/doxygen-build/CMakeFiles/CMakeTmp'
/usr/bin/cmake -E cmake_progress_report /home/markus/Daten/University/BP/understanding-active-noise-cancelling/software/doxygen-build/CMakeFiles/CMakeTmp/CMakeFiles 1
Building C object CMakeFiles/cmTryCompileExec464052112.dir/CheckSymbolExists.c.o
/usr/bin/cc    -o CMakeFiles/cmTryCompileExec464052112.dir/CheckSymbolExists.c.o   -c /home/markus/Daten/University/BP/understanding-active-noise-cancelling/software/doxygen-build/CMakeFiles/CMakeTmp/CheckSymbolExists.c
Linking C executable cmTryCompileExec464052112
/usr/bin/cmake -E cmake_link_script CMakeFiles/cmTryCompileExec464052112.dir/link.txt --verbose=1
/usr/bin/cc       CMakeFiles/cmTryCompileExec464052112.dir/CheckSymbolExists.c.o  -o cmTryCompileExec464052112 -rdynamic 
CMakeFiles/cmTryCompileExec464052112.dir/CheckSymbolExists.c.o: In function `main':
CheckSymbolExists.c:(.text+0x16): undefined reference to `pthread_create'
collect2: error: ld returned 1 exit status
CMakeFiles/cmTryCompileExec464052112.dir/build.make:88: recipe for target 'cmTryCompileExec464052112' failed
make[1]: *** [cmTryCompileExec464052112] Error 1
make[1]: Leaving directory '/home/markus/Daten/University/BP/understanding-active-noise-cancelling/software/doxygen-build/CMakeFiles/CMakeTmp'
Makefile:118: recipe for target 'cmTryCompileExec464052112/fast' failed
make: *** [cmTryCompileExec464052112/fast] Error 2

File /home/markus/Daten/University/BP/understanding-active-noise-cancelling/software/doxygen-build/CMakeFiles/CMakeTmp/CheckSymbolExists.c:
/* */
#include <pthread.h>

int main(int argc, char** argv)
{
  (void)argv;
#ifndef pthread_create
  return ((int*)(&pthread_create))[argc];
#else
  (void)argc;
  return 0;
#endif
}

Determining if the function pthread_create exists in the pthreads failed with the following output:
Change Dir: /home/markus/Daten/University/BP/understanding-active-noise-cancelling/software/doxygen-build/CMakeFiles/CMakeTmp

Run Build Command:"/usr/bin/make" "cmTryCompileExec1027989371/fast"
/usr/bin/make -f CMakeFiles/cmTryCompileExec1027989371.dir/build.make CMakeFiles/cmTryCompileExec1027989371.dir/build
make[1]: Entering directory '/home/markus/Daten/University/BP/understanding-active-noise-cancelling/software/doxygen-build/CMakeFiles/CMakeTmp'
/usr/bin/cmake -E cmake_progress_report /home/markus/Daten/University/BP/understanding-active-noise-cancelling/software/doxygen-build/CMakeFiles/CMakeTmp/CMakeFiles 1
Building C object CMakeFiles/cmTryCompileExec1027989371.dir/CheckFunctionExists.c.o
/usr/bin/cc   -DCHECK_FUNCTION_EXISTS=pthread_create   -o CMakeFiles/cmTryCompileExec1027989371.dir/CheckFunctionExists.c.o   -c /usr/share/cmake-3.0/Modules/CheckFunctionExists.c
Linking C executable cmTryCompileExec1027989371
/usr/bin/cmake -E cmake_link_script CMakeFiles/cmTryCompileExec1027989371.dir/link.txt --verbose=1
/usr/bin/cc   -DCHECK_FUNCTION_EXISTS=pthread_create    CMakeFiles/cmTryCompileExec1027989371.dir/CheckFunctionExists.c.o  -o cmTryCompileExec1027989371 -rdynamic -lpthreads 
/usr/bin/ld: cannot find -lpthreads
collect2: error: ld returned 1 exit status
CMakeFiles/cmTryCompileExec1027989371.dir/build.make:88: recipe for target 'cmTryCompileExec1027989371' failed
make[1]: *** [cmTryCompileExec1027989371] Error 1
make[1]: Leaving directory '/home/markus/Daten/University/BP/understanding-active-noise-cancelling/software/doxygen-build/CMakeFiles/CMakeTmp'
Makefile:118: recipe for target 'cmTryCompileExec1027989371/fast' failed
make: *** [cmTryCompileExec1027989371/fast] Error 2


Performing C++ SOURCE FILE Test ICONV_ACCEPTS_CONST_INPUT failed with the following output:
Change Dir: /home/markus/Daten/University/BP/understanding-active-noise-cancelling/software/doxygen-build/CMakeFiles/CMakeTmp

Run Build Command:"/usr/bin/make" "cmTryCompileExec2541454068/fast"
/usr/bin/make -f CMakeFiles/cmTryCompileExec2541454068.dir/build.make CMakeFiles/cmTryCompileExec2541454068.dir/build
make[1]: Entering directory '/home/markus/Daten/University/BP/understanding-active-noise-cancelling/software/doxygen-build/CMakeFiles/CMakeTmp'
/usr/bin/cmake -E cmake_progress_report /home/markus/Daten/University/BP/understanding-active-noise-cancelling/software/doxygen-build/CMakeFiles/CMakeTmp/CMakeFiles 1
Building CXX object CMakeFiles/cmTryCompileExec2541454068.dir/src.cxx.o
/usr/bin/c++    -DICONV_ACCEPTS_CONST_INPUT   -o CMakeFiles/cmTryCompileExec2541454068.dir/src.cxx.o -c /home/markus/Daten/University/BP/understanding-active-noise-cancelling/software/doxygen-build/CMakeFiles/CMakeTmp/src.cxx
/home/markus/Daten/University/BP/understanding-active-noise-cancelling/software/doxygen-build/CMakeFiles/CMakeTmp/src.cxx: In function ‘int main()’:
/home/markus/Daten/University/BP/understanding-active-noise-cancelling/software/doxygen-build/CMakeFiles/CMakeTmp/src.cxx:4:43: error: invalid conversion from ‘const char**’ to ‘char**’ [-fpermissive]
             iconv(iconv_t(-1), &p, 0, 0, 0);
                                           ^
In file included from /home/markus/Daten/University/BP/understanding-active-noise-cancelling/software/doxygen-build/CMakeFiles/CMakeTmp/src.cxx:1:0:
/usr/include/iconv.h:42:15: note: initializing argument 2 of ‘size_t iconv(iconv_t, char**, size_t*, char**, size_t*)’
 extern size_t iconv (iconv_t __cd, char **__restrict __inbuf,
               ^
CMakeFiles/cmTryCompileExec2541454068.dir/build.make:57: recipe for target 'CMakeFiles/cmTryCompileExec2541454068.dir/src.cxx.o' failed
make[1]: *** [CMakeFiles/cmTryCompileExec2541454068.dir/src.cxx.o] Error 1
make[1]: Leaving directory '/home/markus/Daten/University/BP/understanding-active-noise-cancelling/software/doxygen-build/CMakeFiles/CMakeTmp'
Makefile:118: recipe for target 'cmTryCompileExec2541454068/fast' failed
make: *** [cmTryCompileExec2541454068/fast] Error 2

Source file was:
#include <iconv.h>
         int main() {
            char const *p = 0;
            iconv(iconv_t(-1), &p, 0, 0, 0);
         }
